<?xml version="1.0" encoding="UTF-8"?>
<testng-results skipped="0" failed="0" total="1" passed="1">
  <reporter-output>
  </reporter-output>
  <suite name="Default suite" duration-ms="18276" started-at="2019-05-25T10:38:21Z" finished-at="2019-05-25T10:38:39Z">
    <groups>
    </groups>
    <test name="Default test" duration-ms="18276" started-at="2019-05-25T10:38:21Z" finished-at="2019-05-25T10:38:39Z">
      <class name="org.test.Sample">
        <test-method status="PASS" signature="beforeClass()[pri:0, instance:org.test.Sample@c87b21]" name="beforeClass" is-config="true" duration-ms="12658" started-at="2019-05-25T16:08:21Z" finished-at="2019-05-25T16:08:33Z">
          <reporter-output>
          </reporter-output>
        </test-method> <!-- beforeClass -->
        <test-method status="PASS" signature="beforeMethod()[pri:0, instance:org.test.Sample@c87b21]" name="beforeMethod" is-config="true" duration-ms="6" started-at="2019-05-25T16:08:33Z" finished-at="2019-05-25T16:08:33Z">
          <reporter-output>
          </reporter-output>
        </test-method> <!-- beforeMethod -->
        <test-method status="PASS" signature="test()[pri:0, instance:org.test.Sample@c87b21]" name="test" duration-ms="4774" started-at="2019-05-25T16:08:33Z" finished-at="2019-05-25T16:08:38Z">
          <reporter-output>
          </reporter-output>
        </test-method> <!-- test -->
        <test-method status="PASS" signature="afterMethod()[pri:0, instance:org.test.Sample@c87b21]" name="afterMethod" is-config="true" duration-ms="0" started-at="2019-05-25T16:08:38Z" finished-at="2019-05-25T16:08:38Z">
          <reporter-output>
          </reporter-output>
        </test-method> <!-- afterMethod -->
        <test-method status="PASS" signature="afterClass()[pri:0, instance:org.test.Sample@c87b21]" name="afterClass" is-config="true" duration-ms="807" started-at="2019-05-25T16:08:38Z" finished-at="2019-05-25T16:08:39Z">
          <reporter-output>
          </reporter-output>
        </test-method> <!-- afterClass -->
      </class> <!-- org.test.Sample -->
    </test> <!-- Default test -->
  </suite> <!-- Default suite -->
</testng-results>
